"../../../Engine/Content/EditorResources/S_Actor.uasset" 0
"../../../Engine/Content/EngineResources/AICON-Red.uasset" 1
"../../../Engine/Content/EngineResources/AICON-Green.uasset" 2
"../../../Engine/Content/EngineFonts/Roboto.uasset" 3
"../../../Engine/Content/Functions/Engine_MaterialFunctions01/Shading/PowerToRoughness.uasset" 4
"../../../Engine/Content/Functions/Engine_MaterialFunctions01/Shading/ConvertFromDiffSpec.uasset" 5
"../../../Engine/Content/EngineMaterials/DefaultDiffuse.uasset" 6
"../../../Engine/Content/EngineMaterials/DefaultDeferredDecalMaterial.uasset" 7
"../../../Engine/Content/EngineMaterials/DefaultLightFunctionMaterial.uasset" 8
"../../../Engine/Content/Functions/Engine_MaterialFunctions02/Utility/BreakOutFloat2Components.uasset" 9
"../../../Engine/Content/EngineMaterials/DefaultPostProcessMaterial.uasset" 10
"../../../Engine/Content/EngineResources/DefaultTexture.uasset" 11
"../../../Engine/Content/Functions/Engine_MaterialFunctions01/Texturing/ScaleUVsByCenter.uasset" 12
"../../../Engine/Content/Functions/Engine_MaterialFunctions02/ScreenResolution.uasset" 13
"../../../Engine/Content/Functions/Engine_MaterialFunctions02/Texturing/ScreenAlignedUVs.uasset" 14
"../../../Engine/Content/EngineResources/WhiteSquareTexture.uasset" 15
"../../../Engine/Content/EngineMaterials/Widget3DPassThrough.uasset" 16
"../../../Engine/Content/EngineMaterials/Widget3DPassThrough_Translucent.uasset" 17
"../../../Engine/Content/EngineMaterials/Widget3DPassThrough_Translucent_OneSided.uasset" 18
"../../../Engine/Content/EngineMaterials/Widget3DPassThrough_Opaque.uasset" 19
"../../../Engine/Content/EngineMaterials/Widget3DPassThrough_Opaque_OneSided.uasset" 20
"../../../Engine/Content/EngineMaterials/Widget3DPassThrough_Masked.uasset" 21
"../../../Engine/Content/EngineMaterials/Widget3DPassThrough_Masked_OneSided.uasset" 22
"../../../Engine/Content/Maps/Templates/Thumbnails/Default.uasset" 23
"../../../Engine/Content/Maps/Templates/Thumbnails/VR-Basic.uasset" 24
"../../../Engine/Content/EditorMaterials/ParticleSystems/PSysThumbnail_NoImage.uasset" 25
"../../../Engine/Content/EditorMaterials/ParticleSystems/PSysThumbnail_OOD.uasset" 26
"../../../Engine/Content/EditorLandscapeResources/DataLayer.uasset" 27
"../../../Engine/Content/EngineDamageTypes/DmgTypeBP_Environmental.uasset" 28
"../../../Engine/Content/EngineMeshes/Sphere.uasset" 29
"../../../Engine/Content/EngineFonts/RobotoDistanceField.uasset" 30
"../../../Engine/Content/EngineMaterials/DefaultTextMaterialOpaque.uasset" 31
"../../../Engine/Content/EditorResources/S_Trigger.uasset" 32
"../../../Engine/Content/EngineResources/GradientTexture0.uasset" 33
"../../../Engine/Content/EngineResources/Black.uasset" 34
"../../../Engine/Content/EditorMaterials/MatineeGroups/MAT_Groups_Float.uasset" 35
"../../../Engine/Content/EditorMaterials/MatineeGroups/MAT_Groups_Director.uasset" 36
"../../../Engine/Content/EditorMaterials/MatineeGroups/MAT_Groups_Event.uasset" 37
"../../../Engine/Content/EditorMaterials/MatineeGroups/MAT_Groups_Anim.uasset" 38
"../../../Engine/Content/EditorMaterials/MatineeGroups/MAT_Groups_Fade.uasset" 39
"../../../Engine/Content/EditorMaterials/MatineeGroups/MAT_Groups_Move.uasset" 40
"../../../Engine/Content/EditorMaterials/MatineeGroups/MAT_Groups_Slomo.uasset" 41
"../../../Engine/Content/EditorMaterials/MatineeGroups/MAT_ColorTrack.uasset" 42
"../../../Engine/Content/EditorMaterials/MAT_Groups_Toggle.uasset" 43
"../../../Engine/Content/EditorMaterials/MatineeGroups/MAT_Groups_AudioMaster.uasset" 44
"../../../Engine/Content/EditorMaterials/MatineeGroups/MAT_Groups_Sound.uasset" 45
"../../../Engine/Content/EditorMaterials/MatineeGroups/MAT_Groups_Vector.uasset" 46
"../../../Engine/Content/EditorMaterials/MAT_Groups_Visibility.uasset" 47
"../../../Engine/Content/EngineResources/DefaultTextureCube.uasset" 48
"../../../Engine/Content/Functions/Engine_MaterialFunctions01/Opacity/CameraDepthFade.uasset" 49
"../../../Engine/Content/EngineMaterials/T_Default_Material_Grid_M.uasset" 50
"../../../Engine/Content/EngineMaterials/T_Default_Material_Grid_N.uasset" 51
"../../../Engine/Content/EngineMaterials/DefaultMaterial.uasset" 52
"../../../Engine/Content/EngineMeshes/Cylinder.uasset" 53
"../../../Engine/Content/EngineTireTypes/DefaultTireType.uasset" 54
"../../../Engine/Content/EditorMaterials/Camera/CineMat.uasset" 55
"../../../Engine/Content/EditorMaterials/Camera/MI_CineMat_Rig.uasset" 56
"../../../Engine/Content/EditorMeshes/Camera/SM_CraneRig_Base.uasset" 57
"../../../Engine/Content/EditorMeshes/Camera/SM_CraneRig_Arm.uasset" 58
"../../../Engine/Content/EditorMeshes/Camera/SM_CraneRig_Mount.uasset" 59
"../../../Engine/Content/EditorMeshes/Camera/SM_CraneRig_Body.uasset" 60
"../../../Engine/Content/EditorMeshes/Camera/SM_RailRig_Track.uasset" 61
"../../../Engine/Content/EditorMeshes/Camera/SM_RailRig_Mount.uasset" 62
"../../../Engine/Content/VREditor/LaserPointer/VR_LaserPower_01.uasset" 63
"../../../Engine/Content/VREditor/TransformGizmo/TransformGizmoMaterial.uasset" 64
"../../../Engine/Content/VREditor/TransformGizmo/TranslucentTransformGizmoMaterial.uasset" 65
"../../../Engine/Content/VREditor/TransformGizmo/TranslationHandle.uasset" 66
"../../../Engine/Content/VREditor/TransformGizmo/PlaneTranslationHandle.uasset" 67
"../../../Engine/Content/VREditor/TransformGizmo/RotationHandle.uasset" 68
"../../../Engine/Content/VREditor/TransformGizmo/StretchingHandle.uasset" 69
"../../../Engine/Content/VREditor/TransformGizmo/BoundingBoxCorner.uasset" 70
"../../../Engine/Content/VREditor/TransformGizmo/BoundingBoxEdge.uasset" 71
"../../../Engine/Content/VREditor/TransformGizmo/UniformScaleHandle.uasset" 72
"../../../Engine/Content/VREditor/FloatingText/LineMaterial.uasset" 73
"../../../Engine/Content/VREditor/FloatingText/LineSegmentCylinder.uasset" 74
"../../../Engine/Content/VREditor/FloatingText/JointSphere.uasset" 75
"../../../Engine/Content/VREditor/Fonts/VRText_RobotoLarge.uasset" 76
"../../../Engine/Content/VREditor/Fonts/VRTextMaterial.uasset" 77
"../../../Engine/Content/VREditor/Fonts/TranslucentVRTextMaterial.uasset" 78
"../../../Engine/Content/VREditor/UI/SelectionBarMesh.uasset" 79
"../../../Engine/Content/VREditor/UI/CloseButtonMesh.uasset" 80
"../../../Engine/Content/Tutorial/Basics/TutorialAssets/icon_tab_Levels_40x.uasset" 81
"../../../Engine/Content/Tutorial/ContentIntroCurve.uasset" 82
"../../../Engine/Plugins/2D/Paper2D/Content/PlaceholderTextures/DummySpriteTexture.uasset" 83
"../../../Engine/Plugins/2D/Paper2D/Content/DefaultSpriteMaterial.uasset" 84
"../../../Engine/Plugins/2D/Paper2D/Content/MaskedUnlitSpriteMaterial.uasset" 85
"../../../Engine/Plugins/2D/Paper2D/Content/OpaqueUnlitSpriteMaterial.uasset" 86
"../../../Engine/Plugins/2D/Paper2D/Content/DummySprite.uasset" 87
"../../../Engine/Plugins/2D/Paper2D/Content/DefaultPaperTerrainMaterial.uasset" 88
"../../../Engine/Content/EngineMaterials/RemoveSurfaceMaterial.uasset" 89
"../../../Engine/Content/EngineDebugMaterials/DebugMeshMaterial.uasset" 90
"../../../Engine/Content/EngineMaterials/InvalidLightmapSettings.uasset" 91
"../../../Engine/Content/EngineMaterials/M_InvalidLightmapSettings.uasset" 92
"../../../Engine/Content/EditorMaterials/GizmoMaterial.uasset" 93
"../../../Engine/Content/EngineMaterials/Good64x64TilingNoiseHighFreq.uasset" 94
"../../../Engine/Content/EngineMaterials/DefaultBokeh.uasset" 95
"../../../Engine/Content/EngineMaterials/PreintegratedSkinBRDF.uasset" 96
"../../../Engine/Content/EngineMaterials/MiniFont.uasset" 97
"../../../Engine/Content/EngineMaterials/WeightMapPlaceholderTexture.uasset" 98
"../../../Engine/Content/EngineMaterials/DefaultWhiteGrid.uasset" 99
"../../../Engine/Content/EngineMaterials/DefaultPhysicalMaterial.uasset" 100
"../../../Engine/Content/EngineFonts/RobotoTiny.uasset" 101
"../../../Engine/Content/EditorSounds/Notifications/CompileSuccess.uasset" 102
"../../../Engine/Content/EditorSounds/Notifications/CompileStart_Cue.uasset" 103
"../../../Engine/Content/EditorSounds/Notifications/CompileSuccess_Cue.uasset" 104
"../../../Engine/Content/EditorSounds/Notifications/CompileFailed.uasset" 105
"../../../Engine/Content/EditorSounds/Notifications/CompileFailed_Cue.uasset" 106
"../../../TheSimpleTask/Content/TheSimpleTask/Blueprints/FirstPerson/FPWeapon/Materials/MaterialLayers/T_ML_Rubber_Blue_01_D.uasset" 107
"../../../TheSimpleTask/Content/TheSimpleTask/Blueprints/FirstPerson/Character/Textures/UE4_Mannequin__normals.uasset" 108
"../../../Engine/Content/Functions/Engine_MaterialFunctions02/Utility/BlendAngleCorrectedNormals.uasset" 109
"../../../Engine/Content/Functions/MaterialLayerFunctions/MatLayerBlend_NormalBlend.uasset" 110
"../../../Engine/Content/Functions/MaterialLayerFunctions/MatLayerBlend_Simple.uasset" 111
"../../../TheSimpleTask/Content/FirstPerson/FPWeapon/Materials/MaterialLayers/T_ML_Rubber_Blue_01_D.uasset" 112
"../../../TheSimpleTask/Content/FirstPerson/FPWeapon/Materials/MaterialLayers/T_ML_Rubber_Blue_01_N.uasset" 113
"../../../TheSimpleTask/Content/FirstPerson/FPWeapon/Materials/MaterialLayers/ML_GlossyBlack_Latex_UE4.uasset" 114
"../../../TheSimpleTask/Content/FirstPerson/FPWeapon/Materials/MaterialLayers/ML_Plastic_Shiny_Beige.uasset" 115
"../../../TheSimpleTask/Content/FirstPerson/FPWeapon/Materials/MaterialLayers/ML_Screen.uasset" 116
"../../../TheSimpleTask/Content/FirstPerson/FPWeapon/Materials/MaterialLayers/T_ML_Aluminum01.uasset" 117
"../../../TheSimpleTask/Content/FirstPerson/FPWeapon/Materials/MaterialLayers/T_ML_Aluminum01_N.uasset" 118
"../../../TheSimpleTask/Content/FirstPerson/FPWeapon/Materials/MaterialLayers/ML_SoftMetal_UE4.uasset" 119
"../../../TheSimpleTask/Content/FirstPerson/FPWeapon/Textures/T_FPGun_M.uasset" 120
"../../../TheSimpleTask/Content/FirstPerson/FPWeapon/Textures/T_FPGun_N.uasset" 121
"../../../TheSimpleTask/Content/TheSimpleTask/Blueprints/FirstPerson/FPWeapon/Materials/M_FPGun.uasset" 122
"../../../TheSimpleTask/Content/TheSimpleTask/Blueprints/FirstPerson/FPWeapon/Materials/MaterialLayers/ML_GlossyBlack_Latex_UE4.uasset" 123
"../../../TheSimpleTask/Content/TheSimpleTask/Blueprints/FirstPerson/FPWeapon/Materials/MaterialLayers/ML_Plastic_Shiny_Beige.uasset" 124
"../../../TheSimpleTask/Content/StarterContent/Textures/T_Lamp_M.uasset" 125
"../../../TheSimpleTask/Content/StarterContent/Textures/T_Lamp_N.uasset" 126
"../../../TheSimpleTask/Content/StarterContent/Props/Materials/M_Lamp.uasset" 127
"../../../TheSimpleTask/Content/StarterContent/Props/SM_Lamp_Ceiling.uasset" 128
"../../../TheSimpleTask/Content/StarterContent/Blueprints/Blueprint_CeilingLight.uasset" 129
"../../../TheSimpleTask/Content/StarterContent/Audio/Explosion_Cue.uasset" 130
"../../../TheSimpleTask/Content/StarterContent/Textures/T_Burst_M.uasset" 131
"../../../TheSimpleTask/Content/StarterContent/Particles/Materials/M_Burst.uasset" 132
"../../../TheSimpleTask/Content/StarterContent/Textures/T_Explosion_SubUV.uasset" 133
"../../../TheSimpleTask/Content/StarterContent/Particles/Materials/M_explosion_subUV.uasset" 134
"../../../TheSimpleTask/Content/StarterContent/Particles/Materials/m_flare_01.uasset" 135
"../../../Engine/Content/Functions/Engine_MaterialFunctions01/Gradient/RadialGradient.uasset" 136
"../../../TheSimpleTask/Content/StarterContent/Particles/Materials/M_radial_ramp.uasset" 137
"../../../TheSimpleTask/Content/StarterContent/Textures/T_Smoke_SubUV.uasset" 138
"../../../TheSimpleTask/Content/StarterContent/Textures/T_Smoke_Tiled_D.uasset" 139
"../../../TheSimpleTask/Content/StarterContent/Particles/Materials/M_smoke_subUV.uasset" 140
"../../../TheSimpleTask/Content/StarterContent/Particles/P_Explosion.uasset" 141
"../../../TheSimpleTask/Content/StarterContent/Blueprints/Blueprint_Effect_Explosion.uasset" 142
"../../../TheSimpleTask/Content/StarterContent/Audio/Fire01_Cue.uasset" 143
"../../../TheSimpleTask/Content/StarterContent/Textures/T_Fire_SubUV.uasset" 144
"../../../TheSimpleTask/Content/StarterContent/Textures/T_Fire_Tiled_D.uasset" 145
"../../../TheSimpleTask/Content/StarterContent/Particles/Materials/M_Fire_SubUV.uasset" 146
"../../../TheSimpleTask/Content/StarterContent/Textures/T_Water_N.uasset" 147
"../../../TheSimpleTask/Content/StarterContent/Particles/Materials/M_Heat_Distortion.uasset" 148
"../../../TheSimpleTask/Content/StarterContent/Particles/Materials/M_Radial_Gradient.uasset" 149
"../../../TheSimpleTask/Content/StarterContent/Particles/P_Fire.uasset" 150
"../../../TheSimpleTask/Content/StarterContent/Blueprints/Blueprint_Effect_Fire.uasset" 151
"../../../TheSimpleTask/Content/StarterContent/Audio/Smoke01_Cue.uasset" 152
"../../../TheSimpleTask/Content/StarterContent/Particles/P_Smoke.uasset" 153
"../../../TheSimpleTask/Content/StarterContent/Blueprints/Blueprint_Effect_Smoke.uasset" 154
"../../../TheSimpleTask/Content/StarterContent/Audio/Fire_Sparks01_Cue.uasset" 155
"../../../TheSimpleTask/Content/StarterContent/Textures/T_Spark_Core.uasset" 156
"../../../TheSimpleTask/Content/StarterContent/Particles/Materials/M_Spark.uasset" 157
"../../../TheSimpleTask/Content/StarterContent/Particles/P_Sparks.uasset" 158
"../../../TheSimpleTask/Content/StarterContent/Blueprints/Blueprint_Effect_Sparks.uasset" 159
"../../../TheSimpleTask/Content/StarterContent/Shapes/Shape_Trim.uasset" 160
"../../../TheSimpleTask/Content/StarterContent/Shapes/Shape_Trim_90_In.uasset" 161
"../../../TheSimpleTask/Content/StarterContent/Shapes/Shape_Trim_90_Out.uasset" 162
"../../../TheSimpleTask/Content/StarterContent/Shapes/Shape_TriPyramid.uasset" 163
"../../../TheSimpleTask/Content/StarterContent/Shapes/Shape_Tube.uasset" 164
"../../../TheSimpleTask/Content/StarterContent/Textures/T_CobbleStone_Rough_D.uasset" 165
"../../../Engine/Content/EditorResources/EmptyActor.uasset" 166
"../../../TheSimpleTask/Content/StarterContent/Textures/T_Ground_Gravel_D.uasset" 167
"../../../TheSimpleTask/Content/StarterContent/Textures/T_Tech_Hex_Tile_M.uasset" 168
"../../../TheSimpleTask/Content/StarterContent/Textures/T_Brick_Clay_Beveled_M.uasset" 169
"../../../TheSimpleTask/Content/FirstPerson/Character/Textures/UE4_LOGO_CARD.uasset" 170
"../../../TheSimpleTask/Content/TheSimpleTask/Blueprints/FirstPerson/Character/Materials/MaterialLayers/ML_Plastic_Shiny_Beige_LOGO.uasset" 171
"../../../TheSimpleTask/Content/TheSimpleTask/Blueprints/FirstPerson/Character/Materials/MaterialLayers/ML_Plastic_Shiny_Beige.uasset" 172
"../../../TheSimpleTask/Content/TheSimpleTask/Assets/Textures/controller_cropped.uasset" 173
"../../../TheSimpleTask/Content/StarterContent/Blueprints/Assets/FogBrightnessLUT.uasset" 174
"../../../TheSimpleTask/Content/StarterContent/Blueprints/Assets/SunlightColorLUT.uasset" 175
"../../../TheSimpleTask/Content/StarterContent/Blueprints/Assets/M_LightStage_Arrows.uasset" 176
"../../../Engine/Content/MapTemplates/Sky/DaylightAmbientCubemap.uasset" 177
"../../../TheSimpleTask/Content/StarterContent/Blueprints/Assets/M_LightStage_Skybox_Master.uasset" 178
"../../../TheSimpleTask/Content/StarterContent/Blueprints/Assets/M_LightStage_Skybox_Black.uasset" 179
"../../../TheSimpleTask/Content/StarterContent/Blueprints/Assets/M_LightStage_Skybox_HDRI.uasset" 180
"../../../Engine/Content/EditorMaterials/Thumbnails/SkySphereMaterial.uasset" 181
"../../../TheSimpleTask/Content/StarterContent/Blueprints/Assets/Skybox.uasset" 182
"../../../Engine/Content/EngineMaterials/WorldGridMaterial.uasset" 183
"../../../TheSimpleTask/Content/StarterContent/Blueprints/Assets/SM_Arrows.uasset" 184
"../../../TheSimpleTask/Content/StarterContent/HDRI/HDRI_Epic_Courtyard_Daylight.uasset" 185
"../../../TheSimpleTask/Content/StarterContent/Blueprints/BP_LightStudio.uasset" 186
"../../../TheSimpleTask/Content/StarterContent/Props/SM_Lamp_Wall.uasset" 187
"../../../TheSimpleTask/Content/StarterContent/Blueprints/Blueprint_WallSconce.uasset" 188
"../../../TheSimpleTask/Content/StarterContent/Audio/Steam01_Cue.uasset" 189
"../../../TheSimpleTask/Content/StarterContent/Particles/P_Steam_Lit.uasset" 190
"../../../TheSimpleTask/Content/StarterContent/Blueprints/Blueprint_Effect_Steam.uasset" 191
"../../../TheSimpleTask/Content/FirstPerson/FPWeapon/Mesh/SK_FPGun_PhysicsAsset.uasset" 192
"../../../TheSimpleTask/Content/FirstPerson/FPWeapon/Materials/MaterialLayers/T_ML_FineRubber.uasset" 193
"../../../TheSimpleTask/Content/StarterContent/Textures/T_CobbleStone_Pebble_D.uasset" 194
"../../../Engine/Content/MobileResources/HUD/VirtualJoystick_Background.uasset" 195
"../../../Engine/Content/MobileResources/HUD/VirtualJoystick_Thumb.uasset" 196
"../../../Engine/Content/MobileResources/HUD/LeftVirtualJoystickOnly.uasset" 197
"../../../Engine/Content/MobileResources/HUD/DefaultVirtualJoysticks.uasset" 198
"../../../Engine/Content/MobileResources/HUD/AnalogHat.uasset" 199
"../../../TheSimpleTask/Content/TheSimpleTask/Blueprints/FirstPerson/Character/Mesh/SK_Mannequin_Arms_Skeleton.uasset" 200
"../../../TheSimpleTask/Content/TheSimpleTask/Blueprints/FirstPerson/Character/Mesh/SK_Mannequin_Arms_PhysicsAsset.uasset" 201
"../../../TheSimpleTask/Content/FirstPerson/Character/Materials/MaterialLayers/T_ML_Rubber_Blue_01_D.uasset" 202
"../../../TheSimpleTask/Content/FirstPerson/Character/Materials/MaterialLayers/T_ML_Rubber_Blue_01_N.uasset" 203
"../../../TheSimpleTask/Content/FirstPerson/Character/Materials/MaterialLayers/ML_GlossyBlack_Latex_UE4.uasset" 204
"../../../TheSimpleTask/Content/FirstPerson/Character/Materials/MaterialLayers/ML_Plastic_Shiny_Beige.uasset" 205
"../../../TheSimpleTask/Content/FirstPerson/Character/Materials/MaterialLayers/ML_Plastic_Shiny_Beige_LOGO.uasset" 206
"../../../TheSimpleTask/Content/FirstPerson/Character/Materials/MaterialLayers/T_ML_Aluminum01.uasset" 207
"../../../TheSimpleTask/Content/FirstPerson/Character/Materials/MaterialLayers/T_ML_Aluminum01_N.uasset" 208
"../../../TheSimpleTask/Content/FirstPerson/Character/Materials/MaterialLayers/ML_SoftMetal_UE4.uasset" 209
"../../../TheSimpleTask/Content/FirstPerson/Character/Textures/UE4_Mannequin__normals.uasset" 210
"../../../TheSimpleTask/Content/FirstPerson/Character/Textures/UE4_Mannequin_MAT_MASKA.uasset" 211
"../../../TheSimpleTask/Content/FirstPerson/Character/Materials/M_UE4Man_Body.uasset" 212
"../../../TheSimpleTask/Content/FirstPerson/Character/Mesh/SK_Mannequin_Arms_PhysicsAsset.uasset" 213
"../../../TheSimpleTask/Content/FirstPerson/Character/Mesh/SK_Mannequin_Arms_Skeleton.uasset" 214
"../../../TheSimpleTask/Content/TheSimpleTask/Blueprints/FirstPerson/Character/Mesh/SK_Mannequin_Arms.uasset" 215
"../../../TheSimpleTask/Content/TheSimpleTask/Blueprints/FirstPerson/Character/Materials/MaterialLayers/T_ML_Rubber_Blue_01_N.uasset" 216
"../../../Engine/Content/MobileResources/HUD/MobileHUDDirectionPad.uasset" 217
"../../../TheSimpleTask/Content/StarterContent/Textures/T_Wood_Pine_D.uasset" 218
"../../../Engine/Content/MobileResources/HUD/MobileHUDButton2_off.uasset" 219
"../../../TheSimpleTask/Content/StarterContent/Textures/T_Ceramic_Tile_N.uasset" 220
"../../../TheSimpleTask/Content/StarterContent/Textures/T_Single_Tile_N.uasset" 221
"../../../Engine/Content/MobileResources/HUD/T_Castle_ThumbstickOutter.uasset" 222
"../../../TheSimpleTask/Content/WaterPlane/Ocean/Materials/FakedCaustics.uasset" 223
"../../../TheSimpleTask/Content/StarterContent/Textures/T_Concrete_Tiles_Variation_M.uasset" 224
"../../../TheSimpleTask/Content/StarterContent/Textures/T_Metal_Aluminum_D.uasset" 225
"../../../TheSimpleTask/Content/StarterContent/Textures/T_Tech_Hex_Tile_N.uasset" 226
"../../../Engine/Content/MobileResources/HUD/T_Castle_ThumbstickInner.uasset" 227
"../../../TheSimpleTask/Content/StarterContent/Textures/T_Brick_Clay_New_N.uasset" 228
"../../../TheSimpleTask/Content/StarterContent/Textures/T_Concrete_Tiles_N.uasset" 229
"../../../Engine/Content/MobileResources/HUD/MobileHUDButton1_on.uasset" 230
"../../../TheSimpleTask/Content/FirstPerson/FPWeapon/Materials/MaterialLayers/ML_Plastic_Shiny_Beige_LOGO.uasset" 231
"../../../TheSimpleTask/Content/StarterContent/Textures/T_Wood_Oak_N.uasset" 232
"../../../TheSimpleTask/Content/StarterContent/Textures/T_CobbleStone_Pebble_N.uasset" 233
"../../../TheSimpleTask/Content/WaterPlane/Ocean/Textures/T_OceanFoam_01.uasset" 234
"../../../TheSimpleTask/Content/FirstPerson/Audio/FirstPersonTemplateWeaponFire02.uasset" 235
"../../../Engine/Content/MobileResources/HUD/MobileHUDDirectionPad3.uasset" 236
"../../../TheSimpleTask/Content/StarterContent/Textures/T_Wood_Walnut_N.uasset" 237
"../../../TheSimpleTask/Content/StarterContent/Textures/T_Wood_Oak_D.uasset" 238
"../../../TheSimpleTask/Content/WaterPlane/Ocean/Textures/T_MicroWaves_N.uasset" 239
"../../../TheSimpleTask/Content/StarterContent/Textures/T_Brick_Hewn_Stone_D.uasset" 240
"../../../TheSimpleTask/Content/TheSimpleTask/Blueprints/FirstPerson/FPWeapon/Materials/MaterialLayers/ML_SoftMetal_UE4.uasset" 241
"../../../TheSimpleTask/Content/TheSimpleTask/Blueprints/FirstPerson/FPWeapon/Materials/MaterialLayers/ML_Screen.uasset" 242
"../../../TheSimpleTask/Content/TheSimpleTask/Blueprints/FirstPerson/Character/Textures/UE4_Mannequin_MAT_MASKA.uasset" 243
"../../../TheSimpleTask/Content/TheSimpleTask/Blueprints/FirstPerson/Character/Textures/UE4_LOGO_CARD.uasset" 244
"../../../TheSimpleTask/Content/TheSimpleTask/Blueprints/FirstPerson/Character/Materials/MaterialLayers/T_ML_Aluminum01_N.uasset" 245
"../../../TheSimpleTask/Content/TheSimpleTask/Blueprints/FirstPerson/Character/Materials/MaterialLayers/T_ML_Aluminum01.uasset" 246
"../../../Engine/Content/MobileResources/HUD/MobileHUDButton3.uasset" 247
"../../../TheSimpleTask/Content/StarterContent/Textures/T_CobbleStone_Rough_N.uasset" 248
"../../../TheSimpleTask/Content/StarterContent/Textures/T_Wood_Floor_Walnut_M.uasset" 249
"../../../TheSimpleTask/Content/StarterContent/Textures/T_Concrete_Tiles_D.uasset" 250
"../../../TheSimpleTask/Content/StarterContent/Textures/T_Rock_Sandstone_D.uasset" 251
"../../../TheSimpleTask/Content/StarterContent/Textures/T_Metal_Gold_N.uasset" 252
"../../../TheSimpleTask/Content/StarterContent/Textures/T_ground_Moss_D.uasset" 253
"../../../TheSimpleTask/Content/StarterContent/Textures/T_Brick_Hewn_Stone_N.uasset" 254
"../../../TheSimpleTask/Content/StarterContent/Textures/T_Rock_Marble_Polished_D.uasset" 255
"../../../TheSimpleTask/Content/StarterContent/Textures/T_Wood_Floor_Walnut_N.uasset" 256
"../../../TheSimpleTask/Content/StarterContent/Textures/T_CobbleStone_Smooth_D.uasset" 257
"../../../TheSimpleTask/Content/StarterContent/Textures/T_Brick_Clay_Beveled_N.uasset" 258
"../../../TheSimpleTask/Content/StarterContent/Textures/T_Tech_Dot_M.uasset" 259
"../../../TheSimpleTask/Content/StarterContent/Textures/T_Concrete_Poured_N.uasset" 260
"../../../TheSimpleTask/Content/StarterContent/Shapes/Shape_WideCapsule.uasset" 261
"../../../TheSimpleTask/Content/StarterContent/Shapes/Shape_Wedge_B.uasset" 262
"../../../TheSimpleTask/Content/StarterContent/Shapes/Shape_Wedge_A.uasset" 263
"../../../TheSimpleTask/Content/StarterContent/Textures/T_Concrete_Panels_D.uasset" 264
"../../../TheSimpleTask/Content/TheSimpleTask/Blueprints/FirstPerson/FPWeapon/Materials/MaterialLayers/T_ML_Aluminum01.uasset" 265
"../../../TheSimpleTask/Content/StarterContent/Textures/T_Brick_Clay_New_D.uasset" 266
"../../../TheSimpleTask/Content/StarterContent/Textures/T_Rock_Smooth_Granite_D.uasset" 267
"../../../Engine/Content/MobileResources/HUD/MobileHUDButton1_off.uasset" 268
"../../../TheSimpleTask/Content/StarterContent/Textures/T_Rock_Slate_D.uasset" 269
"../../../TheSimpleTask/Content/StarterContent/Textures/T_Metal_Rust_N.uasset" 270
"../../../TheSimpleTask/Content/StarterContent/Textures/T_Brick_Clay_New_M.uasset" 271
"../../../TheSimpleTask/Content/StarterContent/Textures/T_Dust_Particle_D.uasset" 272
"../../../TheSimpleTask/Content/StarterContent/Particles/Materials/M_Dust_Particle.uasset" 273
"../../../TheSimpleTask/Content/StarterContent/Particles/P_Ambient_Dust.uasset" 274
"../../../Engine/Content/MobileResources/HUD/MobileHUDDirectionPad2.uasset" 275
"../../../TheSimpleTask/Content/StarterContent/Textures/T_Concrete_Poured_D.uasset" 276
"../../../TheSimpleTask/Content/StarterContent/Textures/T_Concrete_Tiles_M.uasset" 277
"../../../TheSimpleTask/Content/StarterContent/Textures/T_Ground_Gravel_N.uasset" 278
"../../../Engine/Content/MobileResources/HUD/MobileHUDButton2_on.uasset" 279
"../../../TheSimpleTask/Content/StarterContent/Textures/T_Wood_Walnut_D.uasset" 280
"../../../TheSimpleTask/Content/StarterContent/Textures/T_Concrete_Grime_D.uasset" 281
"../../../Engine/Content/MobileResources/T_MobileControls_texture.uasset" 282
"../../../TheSimpleTask/Content/StarterContent/Textures/T_Metal_Steel_N.uasset" 283
"../../../TheSimpleTask/Content/StarterContent/Textures/T_Water_M.uasset" 284
"../../../TheSimpleTask/Content/StarterContent/Textures/T_Metal_Rust_D.uasset" 285
"../../../Engine/Content/MobileResources/HUD/MobileHUDButtonFire.uasset" 286
"../../../TheSimpleTask/Content/StarterContent/Textures/T_Rock_Sandstone_N.uasset" 287
"../../../TheSimpleTask/Content/StarterContent/Textures/T_Ground_Grass_D.uasset" 288
"../../../TheSimpleTask/Content/StarterContent/Textures/T_Gradinet_01.uasset" 289
"../../../TheSimpleTask/Content/StarterContent/Textures/T_Brick_Clay_Old_N.uasset" 290
"../../../TheSimpleTask/Content/StarterContent/Textures/T_Tech_Panel_N.uasset" 291
"../../../TheSimpleTask/Content/StarterContent/Textures/T_CobbleStone_Smooth_M.uasset" 292
"../../../TheSimpleTask/Content/StarterContent/Textures/T_CobbleStone_Pebble_M.uasset" 293
"../../../Engine/Content/MobileResources/T_MobileMenu2.uasset" 294
"../../../TheSimpleTask/Content/StarterContent/Textures/T_Ground_Moss_N.uasset" 295
"../../../TheSimpleTask/Content/StarterContent/Textures/T_Wood_Pine_N.uasset" 296
"../../../TheSimpleTask/Content/TheSimpleTask/Blueprints/FirstPerson/FPWeapon/Materials/MaterialLayers/T_ML_Aluminum01_N.uasset" 297
"../../../TheSimpleTask/Content/StarterContent/Textures/T_Ceramic_Tile_M.uasset" 298
"../../../TheSimpleTask/Content/StarterContent/Textures/T_Rock_Slate_N.uasset" 299
"../../../TheSimpleTask/Content/StarterContent/Textures/T_Wood_Floor_Walnut_D.uasset" 300
"../../../TheSimpleTask/Content/StarterContent/Textures/T_Tech_Panel_M.uasset" 301
"../../../TheSimpleTask/Content/TheSimpleTask/Blueprints/FirstPerson/Character/Materials/MaterialLayers/T_ML_Rubber_Blue_01_D.uasset" 302
"../../../TheSimpleTask/Content/StarterContent/Textures/T_Brick_Clay_Old_D.uasset" 303
"../../../TheSimpleTask/Content/StarterContent/Textures/T_Tech_Dot_N.uasset" 304
"../../../TheSimpleTask/Content/StarterContent/Textures/T_CobbleStone_Smooth_N.uasset" 305
"../../../TheSimpleTask/Content/StarterContent/Textures/T_Ground_Grass_N.uasset" 306
"../../../TheSimpleTask/Content/StarterContent/Textures/T_Checker_Noise_M.uasset" 307
"../../../TheSimpleTask/Content/StarterContent/Textures/T_Brick_Hewn_Stone_M.uasset" 308
"../../../TheSimpleTask/Content/TheSimpleTask/Blueprints/FirstPerson/Character/Materials/MaterialLayers/ML_SoftMetal_UE4.uasset" 309
"../../../TheSimpleTask/Content/StarterContent/Textures/T_Concrete_Panels_N.uasset" 310
"../../../Engine/Content/BasicShapes/Cone.uasset" 311
"../../../Engine/Content/BasicShapes/Sphere.uasset" 312
"../../../Engine/Content/EditorMaterials/PhAT_JointLimitMaterial.uasset" 313
"../../../Engine/Content/EditorMaterials/PreviewShadowIndicator.uasset" 314
"../../../Engine/Content/EditorMaterials/PreviewShadowIndicatorMaterial.uasset" 315
"../../../Engine/Content/EditorMeshes/ColorCalibrator/M_ChromeBall.uasset" 316
"../../../Engine/Content/EditorMeshes/ColorCalibrator/M_ClearCoat.uasset" 317
"../../../Engine/Content/EditorMeshes/ColorCalibrator/M_ClearCoatBlack.uasset" 318
"../../../Engine/Content/EditorMeshes/ColorCalibrator/T_ColorGrid.uasset" 319
"../../../Engine/Content/EditorMeshes/ColorCalibrator/M_ColorGrid.uasset" 320
"../../../Engine/Content/EditorMeshes/ColorCalibrator/M_GreyBall.uasset" 321
"../../../Engine/Content/EditorMeshes/ColorCalibrator/SM_ColorCalibrator.uasset" 322
"../../../Engine/Content/EditorResources/BSPVertex.uasset" 323
"../../../Engine/Content/EngineDebugMaterials/HeatmapGradient.uasset" 324
"../../../Engine/Content/EngineDebugMaterials/BoneWeightMaterial.uasset" 325
"../../../Engine/Content/EngineDebugMaterials/GeomMaterial.uasset" 326
"../../../Engine/Content/EngineMaterials/EditorBrushMaterial.uasset" 327
"../../../Engine/Content/EngineMeshes/Cube.uasset" 328
"../../../Engine/Content/MobileResources/HUD/MobileHUDDirectionStick.uasset" 329
"../../../Engine/Content/Tutorial/BlueprintTutorials/TutorialAssets/BlueprintInterface_64x.uasset" 330
"../../../Engine/Content/Tutorial/BlueprintTutorials/TutorialAssets/BlueprintMacroLibrary_64x.uasset" 331
"../../../Engine/Content/Tutorial/BlueprintTutorials/TutorialAssets/Blueprint_64x.uasset" 332
"../../../Engine/Content/Tutorial/BlueprintTutorials/TutorialAssets/Tutorial_BP_Interface.uasset" 333
"../../../Engine/Content/Tutorial/Foliage/TutorialAssets/Foliage.uasset" 334
"../../../Engine/Content/Tutorial/Landscape/TutorialAssets/Landscape.uasset" 335
"../../../Engine/Content/Tutorial/Paper2D/TutorialAssets/Paper2DFlipbook_TutorialIcon.uasset" 336
"../../../Engine/Content/Tutorial/Paper2D/TutorialAssets/Paper2DSprite_TutorialIcon.uasset" 337
"../../../Engine/Content/Tutorial/SubEditors/TutorialAssets/icon_Editor_Preferences_General_40x.uasset" 338
"../../../Engine/Content/Tutorial/SubEditors/TutorialAssets/icon_ShowSkeletalMeshes_40x.uasset" 339
"../../../Engine/Content/Tutorial/SubEditors/TutorialAssets/TutorialMaterial.uasset" 340
"../../../Engine/Content/Tutorial/SubEditors/TutorialAssets/T_SmokeSubUV_8X8.uasset" 341
"../../../Engine/Content/Tutorial/SubEditors/TutorialAssets/T_soft_smoke.uasset" 342
"../../../Engine/Content/Tutorial/SubEditors/TutorialAssets/M_smoke_subUV_blackbody.uasset" 343
"../../../Engine/Content/Tutorial/SubEditors/TutorialAssets/TutorialParticleSystem.uasset" 344
"../../../Engine/Content/EditorMeshes/EditorCube.uasset" 345
"../../../Engine/Content/Tutorial/SubEditors/TutorialAssets/Tutorial_DM.uasset" 346
"../../../TheSimpleTask/Content/FirstPerson/Animations/FirstPerson_Fire.uasset" 347
"../../../TheSimpleTask/Content/FirstPerson/Animations/FirstPersonFire_Montage.uasset" 348
"../../../TheSimpleTask/Content/FirstPerson/Textures/FirstPersonCrosshair.uasset" 349
"../../../TheSimpleTask/Content/FirstPerson/Meshes/BaseMaterial.uasset" 350
"../../../TheSimpleTask/Content/FirstPerson/Meshes/FirstPersonProjectileMaterial.uasset" 351
"../../../TheSimpleTask/Content/FirstPerson/Meshes/FirstPersonProjectileMesh.uasset" 352
"../../../TheSimpleTask/Content/FirstPersonBP/Blueprints/FirstPersonProjectile.uasset" 353
"../../../TheSimpleTask/Content/Geometry/Meshes/CubeMaterial.uasset" 354
"../../../TheSimpleTask/Content/Geometry/Meshes/1M_Cube_Chamfer.uasset" 355
"../../../TheSimpleTask/Content/Geometry/Meshes/TemplateFloor.uasset" 356
"../../../TheSimpleTask/Content/Movies/splash_tg__ragnarok__unreal.uasset" 357
"../../../TheSimpleTask/Content/StarterContent/Materials/M_Basic_Floor.uasset" 358
"../../../TheSimpleTask/Content/StarterContent/Architecture/Floor_400x400.uasset" 359
"../../../TheSimpleTask/Content/StarterContent/Architecture/Pillar_50x500.uasset" 360
"../../../TheSimpleTask/Content/StarterContent/Architecture/SM_AssetPlatform.uasset" 361
"../../../TheSimpleTask/Content/StarterContent/Architecture/Wall_400x200.uasset" 362
"../../../TheSimpleTask/Content/StarterContent/Architecture/Wall_400x300.uasset" 363
"../../../TheSimpleTask/Content/StarterContent/Architecture/Wall_400x400.uasset" 364
"../../../TheSimpleTask/Content/StarterContent/Architecture/Wall_500x500.uasset" 365
"../../../TheSimpleTask/Content/StarterContent/Architecture/Wall_Door_400x300.uasset" 366
"../../../TheSimpleTask/Content/StarterContent/Architecture/Wall_Door_400x400.uasset" 367
"../../../TheSimpleTask/Content/StarterContent/Architecture/Wall_Window_400x300.uasset" 368
"../../../TheSimpleTask/Content/StarterContent/Architecture/Wall_Window_400x400.uasset" 369
"../../../TheSimpleTask/Content/StarterContent/Audio/Collapse_Cue.uasset" 370
"../../../TheSimpleTask/Content/StarterContent/Audio/Light01_Cue.uasset" 371
"../../../TheSimpleTask/Content/StarterContent/Audio/Light02_Cue.uasset" 372
"../../../TheSimpleTask/Content/StarterContent/Audio/Starter_Background_Cue.uasset" 373
"../../../TheSimpleTask/Content/StarterContent/Audio/Starter_Music_Cue.uasset" 374
"../../../TheSimpleTask/Content/StarterContent/Props/MaterialSphere.uasset" 375
"../../../TheSimpleTask/Content/StarterContent/Textures/T_Bush_D.uasset" 376
"../../../TheSimpleTask/Content/StarterContent/Textures/T_Bush_N.uasset" 377
"../../../TheSimpleTask/Content/StarterContent/Props/Materials/M_Bush.uasset" 378
"../../../TheSimpleTask/Content/StarterContent/Props/SM_Bush.uasset" 379
"../../../TheSimpleTask/Content/StarterContent/Textures/T_Chair_M.uasset" 380
"../../../TheSimpleTask/Content/StarterContent/Textures/T_Chair_N.uasset" 381
"../../../TheSimpleTask/Content/StarterContent/Props/Materials/M_Chair.uasset" 382
"../../../TheSimpleTask/Content/StarterContent/Props/SM_Chair.uasset" 383
"../../../TheSimpleTask/Content/StarterContent/Textures/T_Frame_M.uasset" 384
"../../../TheSimpleTask/Content/StarterContent/Textures/T_Frame_N.uasset" 385
"../../../TheSimpleTask/Content/StarterContent/Props/Materials/M_Frame.uasset" 386
"../../../TheSimpleTask/Content/StarterContent/Props/SM_CornerFrame.uasset" 387
"../../../TheSimpleTask/Content/StarterContent/Props/SM_Couch.uasset" 388
"../../../TheSimpleTask/Content/StarterContent/Textures/T_Door_M.uasset" 389
"../../../TheSimpleTask/Content/StarterContent/Textures/T_Door_N.uasset" 390
"../../../TheSimpleTask/Content/StarterContent/Props/Materials/M_Door.uasset" 391
"../../../TheSimpleTask/Content/StarterContent/Props/SM_Door.uasset" 392
"../../../TheSimpleTask/Content/StarterContent/Props/SM_GlassWindow.uasset" 393
"../../../TheSimpleTask/Content/StarterContent/Props/Materials/M_MaterialSphere.uasset" 394
"../../../TheSimpleTask/Content/StarterContent/Props/Materials/M_MaterialSphere_Plain.uasset" 395
"../../../TheSimpleTask/Content/StarterContent/Props/SM_MatPreviewMesh_02.uasset" 396
"../../../TheSimpleTask/Content/StarterContent/Props/SM_PillarFrame.uasset" 397
"../../../TheSimpleTask/Content/StarterContent/Props/SM_PillarFrame300.uasset" 398
"../../../TheSimpleTask/Content/StarterContent/Textures/T_Shelf_M.uasset" 399
"../../../TheSimpleTask/Content/StarterContent/Textures/T_Shelf_N.uasset" 400
"../../../TheSimpleTask/Content/StarterContent/Props/Materials/M_Shelf.uasset" 401
"../../../TheSimpleTask/Content/StarterContent/Props/SM_Shelf.uasset" 402
"../../../TheSimpleTask/Content/StarterContent/Props/SM_Stairs.uasset" 403
"../../../TheSimpleTask/Content/StarterContent/Textures/T_TableRound_M.uasset" 404
"../../../TheSimpleTask/Content/StarterContent/Textures/T_TableRound_N.uasset" 405
"../../../TheSimpleTask/Content/StarterContent/Props/Materials/M_TableRound.uasset" 406
"../../../TheSimpleTask/Content/StarterContent/Props/SM_TableRound.uasset" 407
"../../../TheSimpleTask/Content/StarterContent/Props/SM_WindowFrame.uasset" 408
"../../../TheSimpleTask/Content/StarterContent/Shapes/Shape_Cone.uasset" 409
"../../../TheSimpleTask/Content/StarterContent/Shapes/Shape_Cube.uasset" 410
"../../../TheSimpleTask/Content/StarterContent/Shapes/Shape_Cylinder.uasset" 411
"../../../TheSimpleTask/Content/StarterContent/Shapes/Shape_NarrowCapsule.uasset" 412
"../../../TheSimpleTask/Content/StarterContent/Shapes/Shape_Pipe.uasset" 413
"../../../TheSimpleTask/Content/StarterContent/Shapes/Shape_Pipe_180.uasset" 414
"../../../TheSimpleTask/Content/StarterContent/Shapes/Shape_Pipe_90.uasset" 415
"../../../TheSimpleTask/Content/StarterContent/Shapes/Shape_Plane.uasset" 416
"../../../TheSimpleTask/Content/StarterContent/Shapes/Shape_QuadPyramid.uasset" 417
"../../../TheSimpleTask/Content/StarterContent/Shapes/Shape_Sphere.uasset" 418
"../../../TheSimpleTask/Content/StarterContent/Shapes/Shape_Torus.uasset" 419
"../../../TheSimpleTask/Content/StarterContent/Textures/T_Brick_Clay_Beveled_D.uasset" 420
"../../../TheSimpleTask/Content/StarterContent/Textures/T_Metal_Copper_D.uasset" 421
"../../../TheSimpleTask/Content/StarterContent/Textures/T_Metal_Gold_D.uasset" 422
"../../../TheSimpleTask/Content/StarterContent/Textures/T_Metal_Steel_D.uasset" 423
"../../../TheSimpleTask/Content/StarterContent/Textures/T_Rock_Basalt_N.uasset" 424
"../../../TheSimpleTask/Content/TheSimpleTask/Assets/Textures/uiQkDtYkQ0eZLxXuCrDM_maxresdefault.uasset" 425
"../../../TheSimpleTask/Content/FirstPerson/Animations/FirstPerson_Idle.uasset" 426
"../../../TheSimpleTask/Content/FirstPerson/Animations/FirstPerson_JumpEnd.uasset" 427
"../../../TheSimpleTask/Content/FirstPerson/Animations/FirstPerson_JumpLoop.uasset" 428
"../../../TheSimpleTask/Content/FirstPerson/Animations/FirstPerson_JumpStart.uasset" 429
"../../../TheSimpleTask/Content/FirstPerson/Animations/FirstPerson_Run.uasset" 430
"../../../Engine/Content/EditorBlueprintResources/StandardMacros.uasset" 431
"../../../TheSimpleTask/Content/TheSimpleTask/Blueprints/FirstPerson/Animations/FirstPerson_AnimBP.uasset" 432
"../../../TheSimpleTask/Content/TheSimpleTask/Blueprints/FirstPerson/Animations/FirstPerson_Idle.uasset" 433
"../../../TheSimpleTask/Content/TheSimpleTask/Blueprints/FirstPerson/Animations/FirstPerson_JumpEnd.uasset" 434
"../../../TheSimpleTask/Content/TheSimpleTask/Blueprints/FirstPerson/Animations/FirstPerson_JumpLoop.uasset" 435
"../../../TheSimpleTask/Content/TheSimpleTask/Blueprints/FirstPerson/Animations/FirstPerson_JumpStart.uasset" 436
"../../../TheSimpleTask/Content/TheSimpleTask/Blueprints/FirstPerson/Animations/FirstPerson_Run.uasset" 437
"../../../TheSimpleTask/Content/TheSimpleTask/Blueprints/FirstPerson/Character/Materials/M_UE4Man_Body.uasset" 438
"../../../TheSimpleTask/Content/TheSimpleTask/Blueprints/FirstPerson/Character/Materials/MaterialLayers/ML_GlossyBlack_Latex_UE4.uasset" 439
"../../../TheSimpleTask/Content/TheSimpleTask/Blueprints/FirstPerson/FPWeapon/Materials/MaterialLayers/T_ML_Rubber_Blue_01_N.uasset" 440
"../../../TheSimpleTask/Content/FirstPerson/FPWeapon/Materials/M_FPGun.uasset" 441
"../../../TheSimpleTask/Content/FirstPerson/FPWeapon/Mesh/SK_FPGun_Skeleton.uasset" 442
"../../../TheSimpleTask/Content/TheSimpleTask/Blueprints/FirstPerson/FPWeapon/Mesh/SK_FPGun.uasset" 443
"../../../TheSimpleTask/Content/TheSimpleTask/Blueprints/FirstPerson/FPWeapon/Mesh/SK_FPGun_Skeleton.uasset" 444
"../../../TheSimpleTask/Content/TheSimpleTask/Blueprints/FirstPerson/FPWeapon/Textures/T_FPGun_M.uasset" 445
"../../../TheSimpleTask/Content/TheSimpleTask/Blueprints/FirstPerson/FPWeapon/Textures/T_FPGun_N.uasset" 446
"../../../TheSimpleTask/Content/FirstPerson/Animations/FirstPerson_AnimBP.uasset" 447
"../../../TheSimpleTask/Content/FirstPerson/Character/Mesh/SK_Mannequin_Arms.uasset" 448
"../../../TheSimpleTask/Content/FirstPerson/FPWeapon/Mesh/SK_FPGun.uasset" 449
"../../../TheSimpleTask/Content/TheSimpleTask/Blueprints/FirstPersonBP/Blueprints/FirstPersonCharacter.uasset" 450
"../../../Engine/Content/EngineSky/C_Sky_Cloud_Color.uasset" 451
"../../../Engine/Content/EngineSky/C_Sky_Horizon_Color.uasset" 452
"../../../Engine/Content/EngineSky/C_Sky_Zenith_Color.uasset" 453
"../../../Engine/Content/EngineSky/T_Sky_Blue.uasset" 454
"../../../Engine/Content/EngineSky/T_Sky_Clouds_M.uasset" 455
"../../../Engine/Content/EngineSky/T_Sky_Stars.uasset" 456
"../../../Engine/Content/EngineSky/M_Sky_Panning_Clouds2.uasset" 457
"../../../Engine/Content/EngineSky/SM_SkySphere.uasset" 458
"../../../Engine/Content/EngineSky/BP_Sky_Sphere.uasset" 459
"../../../Engine/Content/Functions/Engine_MaterialFunctions03/ComplexMotion/Motion_4WayChaos.uasset" 460
"../../../Engine/Content/Engine_MI_Shaders/T_Base_Tile_Normal.uasset" 461
"../../../Engine/Content/Functions/Engine_MaterialFunctions03/ComplexMotion/Motion_4WayChaos_Normal.uasset" 462
"../../../TheSimpleTask/Content/WaterPlane/Lake/Textures/T_MediumWaves_H.uasset" 463
"../../../TheSimpleTask/Content/WaterPlane/Lake/Textures/T_MediumWaves_N.uasset" 464
"../../../TheSimpleTask/Content/WaterPlane/Lake/Textures/T_SmallWaves_N.uasset" 465
"../../../TheSimpleTask/Content/WaterPlane/Lake/Materials/M_LakeWater_01.uasset" 466
"../../../TheSimpleTask/Content/WaterPlane/Ocean/Textures/T_LargeWaves_H.uasset" 467
"../../../TheSimpleTask/Content/WaterPlane/Lake/Materials/M_LakeWater_01_Inst.uasset" 468
"../../../TheSimpleTask/Content/WaterPlane/Ocean/Materials/OceanWater_SS.uasset" 469
"../../../TheSimpleTask/Content/WaterPlane/Ocean/Textures/T_LargeWaves_N.uasset" 470
"../../../TheSimpleTask/Content/WaterPlane/Ocean/Textures/T_Seafoam_01.uasset" 471
"../../../TheSimpleTask/Content/WaterPlane/Ocean/Materials/M_OceanWater_1.uasset" 472
"../../../Engine/Content/MapTemplates/Sky/Desert_Outer_HDR.uasset" 473
"../../../TheSimpleTask/Content/WaterPlane/Ocean/Materials/M_OceanWater_1_Inst.uasset" 474
"../../../TheSimpleTask/Content/WaterPlane/Meshes/SM_OceanWater.uasset" 475
"../../../TheSimpleTask/Content/WaterPlane/Lake/Blueprint/BP_LakeWater.uasset" 476
"../../../TheSimpleTask/Content/WaterPlane/Environment/Textures/T_Detail_Rocky_N.uasset" 477
"../../../TheSimpleTask/Content/WaterPlane/Environment/Textures/T_Rock_Basalt_D.uasset" 478
"../../../TheSimpleTask/Content/WaterPlane/Environment/Textures/T_RockMesh_M.uasset" 479
"../../../TheSimpleTask/Content/WaterPlane/Environment/Textures/T_RockMesh_N.uasset" 480
"../../../TheSimpleTask/Content/WaterPlane/Environment/Props/Materials/M_Rock.uasset" 481
"../../../TheSimpleTask/Content/WaterPlane/Environment/Props/SM_Rock.uasset" 482
"../../../TheSimpleTask/Content/WaterPlane/Maps/LakeWater_Example.umap" 483
"../../../TheSimpleTask/Content/WaterPlane/Ocean/Blueprint/BP_OceanWater.uasset" 484
"../../../TheSimpleTask/Content/WaterPlane/Maps/OceanWater_Example.umap" 485
"../../../Engine/Content/EngineMaterials/DefaultNormal.uasset" 486
"../../../Engine/Content/Maps/Entry.umap" 487
"../../../TheSimpleTask/Content/WaterPlane/Environment/HDRI/HDRI_Epic_Courtyard_Daylight.uasset" 488
"../../../TheSimpleTask/Content/WaterPlane/Translucent/Materials/M_TranslucentWater.uasset" 489
"../../../TheSimpleTask/Content/WaterPlane/Translucent/Materials/M_TranslucentWater_Inst.uasset" 490
"../../../TheSimpleTask/Content/WaterPlane/Translucent/Blueprint/BP_TranslucentWater.uasset" 491
"../../../TheSimpleTask/Content/WaterPlane/Environment/Textures/T_MacroVariation.uasset" 492
"../../../TheSimpleTask/Content/WaterPlane/Environment/Textures/T_Perlin_Noise_M.uasset" 493
"../../../TheSimpleTask/Content/WaterPlane/Environment/Textures/T_Rock_Basalt_N.uasset" 494
"../../../TheSimpleTask/Content/WaterPlane/Environment/Materials/M_Rock_Basalt.uasset" 495
"../../../TheSimpleTask/Content/WaterPlane/Maps/TranslucentWater_Example.umap" 496
"../../../TheSimpleTask/Content/FirstPersonBP/Blueprints/FirstPersonCharacter.uasset" 497
"../../../TheSimpleTask/Content/TheSimpleTask/Assets/Fonts/Penumbra.uasset" 498
"../../../TheSimpleTask/Content/TheSimpleTask/Blueprints/ObjectiveWidgets/ObjectiveWidget_1Base.uasset" 499
"../../../TheSimpleTask/Content/TheSimpleTask/Blueprints/Widgets/LevelSelectWidget.uasset" 500
"../../../TheSimpleTask/Content/TheSimpleTask/Blueprints/Widgets/MainMenuWidget_BackMenu.uasset" 501
"../../../TheSimpleTask/Content/TheSimpleTask/Blueprints/FinishTriggers/BaseLevelFinishTrigger.uasset" 502
"../../../Engine/Content/BasicShapes/BasicShapeMaterial.uasset" 503
"../../../TheSimpleTask/Content/StarterContent/Textures/T_Brick_Cut_Stone_D.uasset" 504
"../../../TheSimpleTask/Content/StarterContent/Textures/T_Brick_Cut_Stone_N.uasset" 505
"../../../TheSimpleTask/Content/StarterContent/Textures/T_MacroVariation.uasset" 506
"../../../TheSimpleTask/Content/StarterContent/Textures/T_Perlin_Noise_M.uasset" 507
"../../../TheSimpleTask/Content/StarterContent/Materials/M_Brick_Cut_Stone.uasset" 508
"../../../Engine/Content/BasicShapes/Cube.uasset" 509
"../../../Engine/Content/BasicShapes/Cylinder.uasset" 510
"../../../Engine/Content/MapTemplates/SM_Template_Map_Floor.uasset" 511
"../../../TheSimpleTask/Content/StarterContent/Props/SM_DoorFrame.uasset" 512
"../../../TheSimpleTask/Content/StarterContent/Textures/T_Detail_Rocky_N.uasset" 513
"../../../TheSimpleTask/Content/StarterContent/Textures/T_Rock_Basalt_D.uasset" 514
"../../../TheSimpleTask/Content/StarterContent/Textures/T_RockMesh_M.uasset" 515
"../../../TheSimpleTask/Content/StarterContent/Textures/T_RockMesh_N.uasset" 516
"../../../TheSimpleTask/Content/StarterContent/Props/Materials/M_Rock.uasset" 517
"../../../TheSimpleTask/Content/StarterContent/Props/SM_Rock.uasset" 518
"../../../TheSimpleTask/Content/TheSimpleTask/Assets/StaticMesh/SM_Background_Bridge01.uasset" 519
"../../../TheSimpleTask/Content/TheSimpleTask/Blueprints/Widgets/Esc_MainMenu.uasset" 520
"../../../TheSimpleTask/Content/TheSimpleTask/Blueprints/Widgets/MenuWidgets/BaseLevelWidget.uasset" 521
"../../../TheSimpleTask/Content/TheSimpleTask/Levels/BaseLevel.umap" 522
"../../../TheSimpleTask/Content/TheSimpleTask/Blueprints/ObjectiveWidgets/ObjectiveWidget_2Parkour.uasset" 523
"../../../TheSimpleTask/Content/TheSimpleTask/Blueprints/Widgets/MenuWidgets/ParkourLevelWidget.uasset" 524
"../../../TheSimpleTask/Content/TheSimpleTask/Levels/ParkourLevel.umap" 525
"../../../TheSimpleTask/Content/TheSimpleTask/Assets/StaticMesh/AscensionStair_StaticMesh.uasset" 526
"../../../TheSimpleTask/Content/TheSimpleTask/Blueprints/ObjectiveWidgets/ObjectiveWidget_3Ascension.uasset" 527
"../../../TheSimpleTask/Content/TheSimpleTask/Blueprints/Widgets/MenuWidgets/AscensionLevelWidget.uasset" 528
"../../../TheSimpleTask/Content/TheSimpleTask/Levels/AscensionLevel.umap" 529
"../../../TheSimpleTask/Content/TheSimpleTask/extensions_flat.uasset" 530
"../../../TheSimpleTask/Content/TheSimpleTask/LoadingScreenMaterial.uasset" 531
"../../../TheSimpleTask/Content/FirstPersonBP/Blueprints/FirstPersonHUD.uasset" 532
"../../../TheSimpleTask/Content/FirstPersonBP/Blueprints/FirstPersonGameMode.uasset" 533
"../../../Engine/Content/Functions/Engine_MaterialFunctions03/Procedurals/ComputeFilterWidth.uasset" 534
"../../../Engine/Content/EngineMaterials/AntiAliasedTextMaterialTranslucent.uasset" 535
"../../../TheSimpleTask/Content/FirstPerson/Meshes/CubeMaterialOverride.uasset" 536
"../../../TheSimpleTask/Content/Geometry/Meshes/1M_Cube.uasset" 537
"../../../TheSimpleTask/Content/FirstPersonBP/Maps/FirstPersonExampleMap.umap" 538
"../../../TheSimpleTask/Content/TheSimpleTask/Blueprints/Other/Step1Trigger.uasset" 539
"../../../TheSimpleTask/Content/TheSimpleTask/Blueprints/Other/Step2Trigger.uasset" 540
"../../../TheSimpleTask/Content/TheSimpleTask/Assets/StaticMesh/SM_Background_Bridge01_ThinkItsEasy.uasset" 541
"../../../TheSimpleTask/Content/TheSimpleTask/Blueprints/ObjectiveWidgets/ObjectiveWidget_4Easy.uasset" 542
"../../../TheSimpleTask/Content/TheSimpleTask/Blueprints/Widgets/MenuWidgets/IsItEasyLevelWidget.uasset" 543
"../../../TheSimpleTask/Content/TheSimpleTask/Levels/IsItEasyLevel.umap" 544
